# JRE version: OpenJDK Runtime Environment (8.0_152-b01) (build 1.8.0_152-release-1343-b01)
# Java VM: OpenJDK 64-Bit Server VM (25.152-b01 mixed mode windows-amd64 compressed oops)
Heap:
 PSYoungGen      total 222208K, used 23928K [0x00000000e0000000, 0x00000000ef580000, 0x0000000100000000)
  eden space 196608K, 5% used [0x00000000e0000000,0x00000000e0a89a08,0x00000000ec000000)
  from space 25600K, 51% used [0x00000000ec000000,0x00000000eccd46a8,0x00000000ed900000)
  to   space 26112K, 0% used [0x00000000ed900000,0x00000000ed900000,0x00000000ef280000)
 ParOldGen       total 152576K, used 37118K [0x00000000a0000000, 0x00000000a9500000, 0x00000000e0000000)
  object space 152576K, 24% used [0x00000000a0000000,0x00000000a243fa68,0x00000000a9500000)
 Metaspace       used 64529K, capacity 66978K, committed 67288K, reserved 1107968K
  class space    used 8330K, capacity 8862K, committed 8960K, reserved 1048576K
GC Heap History (10 events):
Event: 17.119 GC heap before
{Heap before GC invocations=18 (full 3):
 PSYoungGen      total 148992K, used 148909K [0x00000000e0000000, 0x00000000eb100000, 0x0000000100000000)
  eden space 125952K, 99% used [0x00000000e0000000,0x00000000e7aec420,0x00000000e7b00000)
  from space 23040K, 99% used [0x00000000e9680000,0x00000000eacff330,0x00000000ead00000)
  to   space 27648K, 0% used [0x00000000e7b00000,0x00000000e7b00000,0x00000000e9600000)
 ParOldGen       total 152576K, used 37078K [0x00000000a0000000, 0x00000000a9500000, 0x00000000e0000000)
  object space 152576K, 24% used [0x00000000a0000000,0x00000000a2435a68,0x00000000a9500000)
 Metaspace       used 59453K, capacity 61268K, committed 61528K, reserved 1101824K
  class space    used 7855K, capacity 8291K, committed 8320K, reserved 1048576K
Event: 17.126 GC heap after
Heap after GC invocations=18 (full 3):
 PSYoungGen      total 153600K, used 8053K [0x00000000e0000000, 0x00000000ec680000, 0x0000000100000000)
  eden space 125952K, 0% used [0x00000000e0000000,0x00000000e0000000,0x00000000e7b00000)
  from space 27648K, 29% used [0x00000000e7b00000,0x00000000e82dd7c0,0x00000000e9600000)
  to   space 26624K, 0% used [0x00000000eac80000,0x00000000eac80000,0x00000000ec680000)
 ParOldGen       total 152576K, used 37086K [0x00000000a0000000, 0x00000000a9500000, 0x00000000e0000000)
  object space 152576K, 24% used [0x00000000a0000000,0x00000000a2437a68,0x00000000a9500000)
 Metaspace       used 59453K, capacity 61268K, committed 61528K, reserved 1101824K
  class space    used 7855K, capacity 8291K, committed 8320K, reserved 1048576K
}
Event: 17.420 GC heap before
{Heap before GC invocations=19 (full 3):
 PSYoungGen      total 153600K, used 133322K [0x00000000e0000000, 0x00000000ec680000, 0x0000000100000000)
  eden space 125952K, 99% used [0x00000000e0000000,0x00000000e7a55040,0x00000000e7b00000)
  from space 27648K, 29% used [0x00000000e7b00000,0x00000000e82dd7c0,0x00000000e9600000)
  to   space 26624K, 0% used [0x00000000eac80000,0x00000000eac80000,0x00000000ec680000)
 ParOldGen       total 152576K, used 37086K [0x00000000a0000000, 0x00000000a9500000, 0x00000000e0000000)
  object space 152576K, 24% used [0x00000000a0000000,0x00000000a2437a68,0x00000000a9500000)
 Metaspace       used 59781K, capacity 61628K, committed 61784K, reserved 1103872K
  class space    used 7896K, capacity 8307K, committed 8320K, reserved 1048576K
Event: 17.426 GC heap after
Heap after GC invocations=19 (full 3):
 PSYoungGen      total 177152K, used 6056K [0x00000000e0000000, 0x00000000eca00000, 0x0000000100000000)
  eden space 150528K, 0% used [0x00000000e0000000,0x00000000e0000000,0x00000000e9300000)
  from space 26624K, 22% used [0x00000000eac80000,0x00000000eb26a1a8,0x00000000ec680000)
  to   space 26112K, 0% used [0x00000000e9300000,0x00000000e9300000,0x00000000eac80000)
 ParOldGen       total 152576K, used 37094K [0x00000000a0000000, 0x00000000a9500000, 0x00000000e0000000)
  object space 152576K, 24% used [0x00000000a0000000,0x00000000a2439a68,0x00000000a9500000)
 Metaspace       used 59781K, capacity 61628K, committed 61784K, reserved 1103872K
  class space    used 7896K, capacity 8307K, committed 8320K, reserved 1048576K
}
Event: 17.446 GC heap before
{Heap before GC invocations=20 (full 3):
 PSYoungGen      total 177152K, used 155686K [0x00000000e0000000, 0x00000000eca00000, 0x0000000100000000)
  eden space 150528K, 99% used [0x00000000e0000000,0x00000000e921f908,0x00000000e9300000)
  from space 26624K, 22% used [0x00000000eac80000,0x00000000eb26a1a8,0x00000000ec680000)
  to   space 26112K, 0% used [0x00000000e9300000,0x00000000e9300000,0x00000000eac80000)
 ParOldGen       total 152576K, used 37094K [0x00000000a0000000, 0x00000000a9500000, 0x00000000e0000000)
  object space 152576K, 24% used [0x00000000a0000000,0x00000000a2439a68,0x00000000a9500000)
 Metaspace       used 59789K, capacity 61628K, committed 61784K, reserved 1103872K
  class space    used 7896K, capacity 8307K, committed 8320K, reserved 1048576K
Event: 17.451 GC heap after
Heap after GC invocations=20 (full 3):
 PSYoungGen      total 176640K, used 2884K [0x00000000e0000000, 0x00000000ef280000, 0x0000000100000000)
  eden space 150528K, 0% used [0x00000000e0000000,0x00000000e0000000,0x00000000e9300000)
  from space 26112K, 11% used [0x00000000e9300000,0x00000000e95d1348,0x00000000eac80000)
  to   space 26112K, 0% used [0x00000000ed900000,0x00000000ed900000,0x00000000ef280000)
 ParOldGen       total 152576K, used 37102K [0x00000000a0000000, 0x00000000a9500000, 0x00000000e0000000)
  object space 152576K, 24% used [0x00000000a0000000,0x00000000a243ba68,0x00000000a9500000)
 Metaspace       used 59789K, capacity 61628K, committed 61784K, reserved 1103872K
  class space    used 7896K, capacity 8307K, committed 8320K, reserved 1048576K
}
Event: 17.464 GC heap before
{Heap before GC invocations=21 (full 3):
 PSYoungGen      total 176640K, used 153406K [0x00000000e0000000, 0x00000000ef280000, 0x0000000100000000)
  eden space 150528K, 99% used [0x00000000e0000000,0x00000000e92fe5e0,0x00000000e9300000)
  from space 26112K, 11% used [0x00000000e9300000,0x00000000e95d1348,0x00000000eac80000)
  to   space 26112K, 0% used [0x00000000ed900000,0x00000000ed900000,0x00000000ef280000)
 ParOldGen       total 152576K, used 37102K [0x00000000a0000000, 0x00000000a9500000, 0x00000000e0000000)
  object space 152576K, 24% used [0x00000000a0000000,0x00000000a243ba68,0x00000000a9500000)
 Metaspace       used 59795K, capacity 61692K, committed 61784K, reserved 1103872K
  class space    used 7896K, capacity 8307K, committed 8320K, reserved 1048576K
Event: 17.468 GC heap after
Heap after GC invocations=21 (full 3):
 PSYoungGen      total 222720K, used 2820K [0x00000000e0000000, 0x00000000ef580000, 0x0000000100000000)
  eden space 196608K, 0% used [0x00000000e0000000,0x00000000e0000000,0x00000000ec000000)
  from space 26112K, 10% used [0x00000000ed900000,0x00000000edbc1348,0x00000000ef280000)
  to   space 25600K, 0% used [0x00000000ec000000,0x00000000ec000000,0x00000000ed900000)
 ParOldGen       total 152576K, used 37110K [0x00000000a0000000, 0x00000000a9500000, 0x00000000e0000000)
  object space 152576K, 24% used [0x00000000a0000000,0x00000000a243da68,0x00000000a9500000)
 Metaspace       used 59795K, capacity 61692K, committed 61784K, reserved 1103872K
  class space    used 7896K, capacity 8307K, committed 8320K, reserved 1048576K
}
Event: 35.488 GC heap before
{Heap before GC invocations=22 (full 3):
 PSYoungGen      total 222720K, used 199428K [0x00000000e0000000, 0x00000000ef580000, 0x0000000100000000)
  eden space 196608K, 100% used [0x00000000e0000000,0x00000000ec000000,0x00000000ec000000)
  from space 26112K, 10% used [0x00000000ed900000,0x00000000edbc1348,0x00000000ef280000)
  to   space 25600K, 0% used [0x00000000ec000000,0x00000000ec000000,0x00000000ed900000)
 ParOldGen       total 152576K, used 37110K [0x00000000a0000000, 0x00000000a9500000, 0x00000000e0000000)
  object space 152576K, 24% used [0x00000000a0000000,0x00000000a243da68,0x00000000a9500000)
 Metaspace       used 64476K, capacity 66974K, committed 67288K, reserved 1107968K
  class space    used 8330K, capacity 8862K, committed 8960K, reserved 1048576K
Event: 35.502 GC heap after
Heap after GC invocations=22 (full 3):
 PSYoungGen      total 222208K, used 13137K [0x00000000e0000000, 0x00000000ef580000, 0x0000000100000000)
  eden space 196608K, 0% used [0x00000000e0000000,0x00000000e0000000,0x00000000ec000000)
  from space 25600K, 51% used [0x00000000ec000000,0x00000000eccd46a8,0x00000000ed900000)
  to   space 26112K, 0% used [0x00000000ed900000,0x00000000ed900000,0x00000000ef280000)
 ParOldGen       total 152576K, used 37118K [0x00000000a0000000, 0x00000000a9500000, 0x00000000e0000000)
  object space 152576K, 24% used [0x00000000a0000000,0x00000000a243fa68,0x00000000a9500000)
 Metaspace       used 64476K, capacity 66974K, committed 67288K, reserved 1107968K
  class space    used 8330K, capacity 8862K, committed 8960K, reserved 1048576K
}

